<?xml version="1.0" encoding="UTF-8"?>
<!-- Generated by org.testng.reporters.JUnitReportReporter -->
<testsuite skipped="0" hostname="LP-PC0MQFYK" name="Com.crm.qa.TestCases.NewContactsPageTest" tests="3" failures="0" timestamp="13 Aug 2018 15:40:09 GMT" time="28.660" errors="0">
  <testcase name="ClickingOnNewContactPageTest" time="22.443" classname="Com.crm.qa.TestCases.NewContactsPageTest"/>
  <testcase name="NewContactPageFormTest" time="6.195" classname="Com.crm.qa.TestCases.NewContactsPageTest"/>
  <testcase name="VerifyContactListTest" time="0.022" classname="Com.crm.qa.TestCases.NewContactsPageTest"/>
</testsuite> <!-- Com.crm.qa.TestCases.NewContactsPageTest -->
