<?xml version="1.0" encoding="UTF-8"?>
<!-- Generated by org.testng.reporters.JUnitReportReporter -->
<testsuite skipped="0" hostname="LP-PC0MQFYK" name="Com.crm.qa.TestCases.ContactsPageTest" tests="4" failures="0" timestamp="13 Aug 2018 15:39:10 GMT" time="24.654" errors="0">
  <testcase name="VerifyHomePageTitleTest" time="23.103" classname="Com.crm.qa.TestCases.ContactsPageTest"/>
  <testcase name="ClickOnContactsTest" time="1.473" classname="Com.crm.qa.TestCases.ContactsPageTest"/>
  <testcase name="VerifyContactPageLabelTest" time="0.038" classname="Com.crm.qa.TestCases.ContactsPageTest"/>
  <testcase name="VerifyContactsListTest" time="0.040" classname="Com.crm.qa.TestCases.ContactsPageTest"/>
</testsuite> <!-- Com.crm.qa.TestCases.ContactsPageTest -->
