<?xml version="1.0" encoding="UTF-8"?>
<!-- Generated by org.testng.reporters.JUnitReportReporter -->
<testsuite skipped="0" hostname="LP-PC0MQFYK" name="Com.crm.qa.TestCases.LoginPageTest" tests="4" failures="0" timestamp="03 Sep 2018 13:03:22 GMT" time="44.582" errors="0">
  <testcase name="FreeCRMTitleTest" time="22.301" classname="Com.crm.qa.TestCases.LoginPageTest"/>
  <testcase name="CRMLogoTest" time="0.220" classname="Com.crm.qa.TestCases.LoginPageTest"/>
  <testcase name="LoginTest" time="21.778" classname="Com.crm.qa.TestCases.LoginPageTest"/>
  <testcase name="VerifyusernameLabelTest" time="0.283" classname="Com.crm.qa.TestCases.LoginPageTest"/>
</testsuite> <!-- Com.crm.qa.TestCases.LoginPageTest -->
