<?xml version="1.0" encoding="UTF-8"?>
<!-- Generated by org.testng.reporters.JUnitReportReporter -->
<testsuite skipped="0" hostname="LP-PC0MQFYK" name="PropertiesFile.PropertiesFile_Practice_25_March_2018" tests="1" failures="0" timestamp="25 Mar 2018 16:31:18 GMT" time="44.931" errors="0">
  <testcase name="propertiesfile" time="44.931" classname="PropertiesFile.PropertiesFile_Practice_25_March_2018"/>
</testsuite> <!-- PropertiesFile.PropertiesFile_Practice_25_March_2018 -->
