<?xml version="1.0" encoding="UTF-8"?>
<!-- Generated by org.testng.reporters.JUnitReportReporter -->
<testsuite skipped="0" hostname="LP-PC0MQFYK" name="SeleniumGrid.Grid_Practice_23March_2018" tests="1" failures="0" timestamp="23 Mar 2018 08:55:09 GMT" time="38.466" errors="0">
  <testcase name="Grid" time="38.466" classname="SeleniumGrid.Grid_Practice_23March_2018"/>
</testsuite> <!-- SeleniumGrid.Grid_Practice_23March_2018 -->
