<?xml version="1.0" encoding="UTF-8"?>
<!-- Generated by org.testng.reporters.JUnitReportReporter -->
<testsuite skipped="0" hostname="LP-PC0MQFYK" name="SeleniumTest.Google_Search" tests="1" failures="0" timestamp="31 Jul 2018 16:26:32 GMT" time="41.055" errors="0">
  <testcase name="test" time="41.055" classname="SeleniumTest.Google_Search"/>
</testsuite> <!-- SeleniumTest.Google_Search -->
