<?xml version="1.0" encoding="UTF-8"?>
<!-- Generated by org.testng.reporters.JUnitReportReporter -->
<testsuite skipped="0" hostname="LP-PC0MQFYK" name="SeleniumGrid.Grid_Practise_22_March_2018" tests="1" failures="0" timestamp="22 Mar 2018 15:57:47 GMT" time="15.705" errors="0">
  <testcase name="Grid" time="15.705" classname="SeleniumGrid.Grid_Practise_22_March_2018"/>
</testsuite> <!-- SeleniumGrid.Grid_Practise_22_March_2018 -->
