<?xml version="1.0" encoding="UTF-8"?>
<!-- Generated by org.testng.reporters.JUnitReportReporter -->
<testsuite skipped="0" hostname="LP-PC0MQFYK" name="TestNG.TestNGInvocationCount" tests="5" failures="0" timestamp="15 Jul 2018 21:43:01 GMT" time="0.326" errors="0">
  <testcase name="FreeCrmLoginPage" time="0.055" classname="TestNG.TestNGInvocationCount"/>
  <testcase name="FreeCrmLoginPage" time="0.084" classname="TestNG.TestNGInvocationCount"/>
  <testcase name="FreeCrmLoginPage" time="0.055" classname="TestNG.TestNGInvocationCount"/>
  <testcase name="FreeCrmLoginPage" time="0.074" classname="TestNG.TestNGInvocationCount"/>
  <testcase name="FreeCrmLoginPage" time="0.058" classname="TestNG.TestNGInvocationCount"/>
</testsuite> <!-- TestNG.TestNGInvocationCount -->
