<?xml version="1.0" encoding="UTF-8"?>
<!-- Generated by org.testng.reporters.JUnitReportReporter -->
<testsuite skipped="0" hostname="LP-PC0MQFYK" name="SeleniumTest.JS" tests="1" failures="0" timestamp="31 Jul 2018 11:20:22 GMT" time="13.730" errors="0">
  <testcase name="JS" time="13.730" classname="SeleniumTest.JS"/>
</testsuite> <!-- SeleniumTest.JS -->
