<?xml version="1.0" encoding="UTF-8"?>
<!-- Generated by org.testng.reporters.JUnitReportReporter -->
<testsuite skipped="0" hostname="LP-PC0MQFYK" name="OOP.Inheritence" tests="5" failures="0" timestamp="23 May 2018 18:16:49 GMT" time="89.511" errors="0">
  <testcase name="Fb_Page" time="54.794" classname="OOP.Inheritence"/>
  <testcase name="Setup" time="34.711" classname="OOP.Inheritence"/>
  <testcase name="LoginPage" time="0.002" classname="OOP.Inheritence"/>
  <testcase name="SignUpPage" time="0.003" classname="OOP.Inheritence"/>
  <testcase name="LogoutPage" time="0.001" classname="OOP.Inheritence"/>
</testsuite> <!-- OOP.Inheritence -->
