<?xml version="1.0" encoding="UTF-8"?>
<!-- Generated by org.testng.reporters.JUnitReportReporter -->
<testsuite skipped="0" hostname="LP-PC0MQFYK" name="SeleniumTest.ImplicitWait" tests="1" failures="0" timestamp="11 Jul 2018 16:10:13 GMT" time="48.982" errors="0">
  <testcase name="f" time="48.982" classname="SeleniumTest.ImplicitWait"/>
</testsuite> <!-- SeleniumTest.ImplicitWait -->
