<?xml version="1.0" encoding="UTF-8"?>
<!-- Generated by org.testng.reporters.JUnitReportReporter -->
<testsuite skipped="0" hostname="LP-PC0MQFYK" name="SeleniumGrid.Grid_Practice_10_April_2018" tests="1" failures="0" timestamp="10 Apr 2018 11:27:37 GMT" time="14.976" errors="0">
  <testcase name="f" time="14.976" classname="SeleniumGrid.Grid_Practice_10_April_2018"/>
</testsuite> <!-- SeleniumGrid.Grid_Practice_10_April_2018 -->
