<?xml version="1.0" encoding="UTF-8"?>
<!-- Generated by org.testng.reporters.JUnitReportReporter -->
<testsuite skipped="0" hostname="LP-PC0MQFYK" name="SeleniumTest.TakeScreenshot2" tests="1" failures="0" timestamp="31 Jul 2018 11:10:07 GMT" time="24.331" errors="0">
  <testcase name="f" time="24.331" classname="SeleniumTest.TakeScreenshot2"/>
</testsuite> <!-- SeleniumTest.TakeScreenshot2 -->
