<?xml version="1.0" encoding="UTF-8"?>
<!-- Generated by org.testng.reporters.JUnitReportReporter -->
<testsuite skipped="0" hostname="LP-PC0MQFYK" name="TestNG.TestNGSequence" tests="2" failures="0" timestamp="15 Jul 2018 17:11:24 GMT" time="0.011" errors="0">
  <testcase name="Test1" time="0.008" classname="TestNG.TestNGSequence"/>
  <testcase name="Test2" time="0.003" classname="TestNG.TestNGSequence"/>
</testsuite> <!-- TestNG.TestNGSequence -->
