<?xml version="1.0" encoding="UTF-8"?>
<!-- Generated by org.testng.reporters.JUnitReportReporter -->
<testsuite skipped="0" hostname="LP-PC0MQFYK" name="SeleniumGrid.Grid_Practice_01_April_2018" tests="1" failures="0" timestamp="01 Apr 2018 11:11:06 GMT" time="36.549" errors="0">
  <testcase name="grid" time="36.549" classname="SeleniumGrid.Grid_Practice_01_April_2018"/>
</testsuite> <!-- SeleniumGrid.Grid_Practice_01_April_2018 -->
