<?xml version="1.0" encoding="UTF-8"?>
<!-- Generated by org.testng.reporters.JUnitReportReporter -->
<testsuite skipped="0" hostname="LP-PC0MQFYK" name="SeleniumTest.Keyborad_Handling" tests="1" failures="0" timestamp="05 Aug 2018 17:55:39 GMT" time="81.191" errors="0">
  <testcase name="f" time="81.191" classname="SeleniumTest.Keyborad_Handling"/>
</testsuite> <!-- SeleniumTest.Keyborad_Handling -->
