<?xml version="1.0" encoding="UTF-8"?>
<!-- Generated by org.testng.reporters.JUnitReportReporter -->
<testsuite skipped="0" hostname="LP-PC0MQFYK" name="OOP.InheritenceChild" tests="1" failures="0" timestamp="23 May 2018 16:12:14 GMT" time="0.022" errors="0">
  <testcase name="fbLoginPage" time="0.022" classname="OOP.InheritenceChild"/>
</testsuite> <!-- OOP.InheritenceChild -->
