<?xml version="1.0" encoding="UTF-8"?>
<!-- Generated by org.testng.reporters.JUnitReportReporter -->
<testsuite skipped="0" hostname="LP-PC0MQFYK" name="SeleniumTest.Alert_popup" tests="1" failures="0" timestamp="08 Jul 2018 09:36:14 GMT" time="61.836" errors="0">
  <testcase name="f" time="61.836" classname="SeleniumTest.Alert_popup"/>
</testsuite> <!-- SeleniumTest.Alert_popup -->
