<?xml version="1.0" encoding="UTF-8"?>
<!-- Generated by org.testng.reporters.JUnitReportReporter -->
<testsuite skipped="0" hostname="LP-PC0MQFYK" name="SeleniumTest.Dropdown" tests="1" failures="0" timestamp="28 Jul 2018 16:45:56 GMT" time="62.074" errors="0">
  <testcase name="f" time="62.074" classname="SeleniumTest.Dropdown"/>
</testsuite> <!-- SeleniumTest.Dropdown -->
