<?xml version="1.0" encoding="UTF-8"?>
<!-- Generated by org.testng.reporters.JUnitReportReporter -->
<testsuite skipped="0" hostname="LP-PC0MQFYK" name="SeleniumTest.PropertiesConfigClass" tests="1" failures="0" timestamp="11 Jul 2018 09:41:05 GMT" time="60.644" errors="0">
  <testcase name="f" time="60.644" classname="SeleniumTest.PropertiesConfigClass"/>
</testsuite> <!-- SeleniumTest.PropertiesConfigClass -->
