<?xml version="1.0" encoding="UTF-8"?>
<!-- Generated by org.testng.reporters.JUnitReportReporter -->
<testsuite skipped="0" hostname="LP-PC0MQFYK" name="PropertiesFile.Properties_20_05_2018" tests="2" failures="0" timestamp="20 May 2018 16:05:01 GMT" time="60.299" errors="0">
  <testcase name="PropertiesFileData" time="0.037" classname="PropertiesFile.Properties_20_05_2018"/>
  <testcase name="PropertiesClassExecution" time="60.262" classname="PropertiesFile.Properties_20_05_2018"/>
</testsuite> <!-- PropertiesFile.Properties_20_05_2018 -->
