<?xml version="1.0" encoding="UTF-8"?>
<!-- Generated by org.testng.reporters.JUnitReportReporter -->
<testsuite skipped="0" hostname="LP-PC0MQFYK" name="SeleniumTest.Mouse_Handling" tests="1" failures="0" timestamp="14 Aug 2018 16:32:22 GMT" time="114.768" errors="0">
  <testcase name="handling" time="114.768" classname="SeleniumTest.Mouse_Handling"/>
</testsuite> <!-- SeleniumTest.Mouse_Handling -->
