<?xml version="1.0" encoding="UTF-8"?>
<!-- Generated by org.testng.reporters.JUnitReportReporter -->
<testsuite skipped="0" hostname="LP-PC0MQFYK" name="SeleniumTest.JavaScript" tests="1" failures="0" timestamp="31 Jul 2018 09:06:09 GMT" time="9.645" errors="0">
  <testcase name="JS" time="9.645" classname="SeleniumTest.JavaScript"/>
</testsuite> <!-- SeleniumTest.JavaScript -->
