<?xml version="1.0" encoding="UTF-8"?>
<!-- Generated by org.testng.reporters.JUnitReportReporter -->
<testsuite skipped="0" hostname="LP-PC0MQFYK" name="TestNG.TestNGWithPriority" tests="3" failures="0" timestamp="16 Jul 2018 15:54:55 GMT" time="11.533" errors="0">
  <testcase name="FreeCrmLoginPage" time="9.437" classname="TestNG.TestNGWithPriority"/>
  <testcase name="FreeCrmPage" time="0.010" classname="TestNG.TestNGWithPriority"/>
  <testcase name="FreeCrmHomePage" time="2.086" classname="TestNG.TestNGWithPriority"/>
</testsuite> <!-- TestNG.TestNGWithPriority -->
