<?xml version="1.0" encoding="UTF-8"?>
<!-- Generated by org.testng.reporters.JUnitReportReporter -->
<testsuite skipped="0" hostname="LP-PC0MQFYK" name="SeleniumTest.HandleMultipleWindow2" tests="1" failures="0" timestamp="18 Aug 2018 13:45:35 GMT" time="37.682" errors="0">
  <testcase name="f" time="37.682" classname="SeleniumTest.HandleMultipleWindow2"/>
</testsuite> <!-- SeleniumTest.HandleMultipleWindow2 -->
