<?xml version="1.0" encoding="UTF-8"?>
<!-- Generated by org.testng.reporters.JUnitReportReporter -->
<testsuite skipped="1" hostname="LP-PC0MQFYK" name="TestNG.ExpectedException" tests="4" failures="0" timestamp="16 Jul 2018 10:19:58 GMT" time="23.482" errors="0">
  <testcase name="FreeCrmHomeCallPage" time="0.118" classname="TestNG.ExpectedException"/>
  <testcase name="FreeCrmLoginPage" time="23.348" classname="TestNG.ExpectedException"/>
  <testcase name="FreeCrmPage" time="0.016" classname="TestNG.ExpectedException"/>
  <testcase name="FreeCrmHomePage" classname="TestNG.ExpectedException">
    <skipped/>
  </testcase> <!-- FreeCrmHomePage -->
</testsuite> <!-- TestNG.ExpectedException -->
