<?xml version="1.0" encoding="UTF-8"?>
<!-- Generated by org.testng.reporters.JUnitReportReporter -->
<testsuite skipped="0" hostname="LP-PC0MQFYK" name="SeleniumTest.HandleMultipleWindow" tests="1" failures="0" timestamp="18 Aug 2018 07:02:25 GMT" time="43.751" errors="0">
  <testcase name="f" time="43.751" classname="SeleniumTest.HandleMultipleWindow"/>
</testsuite> <!-- SeleniumTest.HandleMultipleWindow -->
