<?xml version="1.0" encoding="UTF-8"?>
<!-- Generated by org.testng.reporters.JUnitReportReporter -->
<testsuite skipped="0" hostname="LP-PC0MQFYK" name="SeleniumTest.FindElementVSFindElements" tests="1" failures="0" timestamp="04 Aug 2018 16:50:29 GMT" time="46.160" errors="0">
  <testcase name="f" time="46.160" classname="SeleniumTest.FindElementVSFindElements"/>
</testsuite> <!-- SeleniumTest.FindElementVSFindElements -->
