<?xml version="1.0" encoding="UTF-8"?>
<!-- Generated by org.testng.reporters.JUnitReportReporter -->
<testsuite skipped="0" hostname="LP-PC0MQFYK" name="SeleniumTest.ExpliciWait" tests="1" failures="0" timestamp="11 Jul 2018 17:45:25 GMT" time="48.161" errors="0">
  <testcase name="f" time="48.161" classname="SeleniumTest.ExpliciWait"/>
</testsuite> <!-- SeleniumTest.ExpliciWait -->
