<?xml version="1.0" encoding="UTF-8"?>
<!-- Generated by org.testng.reporters.JUnitReportReporter -->
<testsuite skipped="0" hostname="LP-PC0MQFYK" name="SeleniumGrid.Grid_Practice_25March_2018" tests="1" failures="0" timestamp="24 Mar 2018 19:09:51 GMT" time="41.082" errors="0">
  <testcase name="grid" time="41.082" classname="SeleniumGrid.Grid_Practice_25March_2018"/>
</testsuite> <!-- SeleniumGrid.Grid_Practice_25March_2018 -->
