<?xml version="1.0" encoding="UTF-8"?>
<!-- Generated by org.testng.reporters.JUnitReportReporter -->
<testsuite skipped="0" hostname="LP-PC0MQFYK" name="SeleniumGrid.Grid_Practice_19_May_2018" tests="1" failures="0" timestamp="19 May 2018 08:40:11 GMT" time="39.386" errors="0">
  <testcase name="grid" time="39.386" classname="SeleniumGrid.Grid_Practice_19_May_2018"/>
</testsuite> <!-- SeleniumGrid.Grid_Practice_19_May_2018 -->
