<?xml version="1.0" encoding="UTF-8"?>
<!-- Generated by org.testng.reporters.JUnitReportReporter -->
<testsuite skipped="0" hostname="LP-PC0MQFYK" name="SeleniumGrid.Grid_02_Sep_2018" tests="1" failures="0" timestamp="02 Sep 2018 10:25:15 GMT" time="31.897" errors="0">
  <testcase name="testonGrid" time="31.897" classname="SeleniumGrid.Grid_02_Sep_2018"/>
</testsuite> <!-- SeleniumGrid.Grid_02_Sep_2018 -->
