<?xml version="1.0" encoding="UTF-8"?>
<!-- Generated by org.testng.reporters.JUnitReportReporter -->
<testsuite skipped="0" hostname="LP-PC0MQFYK" name="SeleniumTest.ExplicitWaitSyncronization" tests="1" failures="0" timestamp="31 Jul 2018 10:20:21 GMT" time="13.359" errors="0">
  <testcase name="f" time="13.359" classname="SeleniumTest.ExplicitWaitSyncronization"/>
</testsuite> <!-- SeleniumTest.ExplicitWaitSyncronization -->
