<?xml version="1.0" encoding="UTF-8"?>
<!-- Generated by org.testng.reporters.JUnitReportReporter -->
<testsuite skipped="0" hostname="LP-PC0MQFYK" name="SeleniumTest.Displayed_Enabled_Selected_Method" tests="1" failures="0" timestamp="18 Aug 2018 09:06:09 GMT" time="36.138" errors="0">
  <testcase name="f" time="36.138" classname="SeleniumTest.Displayed_Enabled_Selected_Method"/>
</testsuite> <!-- SeleniumTest.Displayed_Enabled_Selected_Method -->
