<?xml version="1.0" encoding="UTF-8"?>
<!-- Generated by org.testng.reporters.JUnitReportReporter -->
<testsuite skipped="0" hostname="LP-PC0MQFYK" name="TestNG.TestNGWithInvocationCount" tests="5" failures="0" timestamp="02 Aug 2018 10:49:19 GMT" time="0.507" errors="0">
  <testcase name="FreeCrmLoginPage" time="0.077" classname="TestNG.TestNGWithInvocationCount"/>
  <testcase name="FreeCrmLoginPage" time="0.083" classname="TestNG.TestNGWithInvocationCount"/>
  <testcase name="FreeCrmLoginPage" time="0.086" classname="TestNG.TestNGWithInvocationCount"/>
  <testcase name="FreeCrmLoginPage" time="0.109" classname="TestNG.TestNGWithInvocationCount"/>
  <testcase name="FreeCrmLoginPage" time="0.152" classname="TestNG.TestNGWithInvocationCount"/>
</testsuite> <!-- TestNG.TestNGWithInvocationCount -->
