<?xml version="1.0" encoding="UTF-8"?>
<!-- Generated by org.testng.reporters.JUnitReportReporter -->
<testsuite skipped="0" hostname="LP-PC0MQFYK" name="SeleniumTest.HandleCalandar" tests="1" failures="0" timestamp="16 Jul 2018 10:37:44 GMT" time="25.112" errors="0">
  <testcase name="f" time="25.112" classname="SeleniumTest.HandleCalandar"/>
</testsuite> <!-- SeleniumTest.HandleCalandar -->
