<?xml version="1.0" encoding="UTF-8"?>
<!-- Generated by org.testng.reporters.JUnitReportReporter -->
<testsuite skipped="0" hostname="LP-PC0MQFYK" name="SeleniumGrid.Grid_26_July_2018" tests="1" failures="0" timestamp="26 Jul 2018 14:52:24 GMT" time="42.262" errors="0">
  <testcase name="test" time="42.262" classname="SeleniumGrid.Grid_26_July_2018"/>
</testsuite> <!-- SeleniumGrid.Grid_26_July_2018 -->
