<?xml version="1.0" encoding="UTF-8"?>
<!-- Generated by org.testng.reporters.JUnitReportReporter -->
<testsuite skipped="0" hostname="LP-PC0MQFYK" name="TestNG.TestNGWithParameters" tests="2" failures="0" timestamp="03 Aug 2018 18:24:53 GMT" time="27.555" errors="0">
  <testcase name="beforeTest" time="15.331" classname="TestNG.TestNGWithParameters"/>
  <testcase name="f" time="12.224" classname="TestNG.TestNGWithParameters"/>
</testsuite> <!-- TestNG.TestNGWithParameters -->
