<?xml version="1.0" encoding="UTF-8"?>
<!-- Generated by org.testng.reporters.JUnitReportReporter -->
<testsuite skipped="0" hostname="LP-PC0MQFYK" name="SeleniumGrid.Grid_25_July_2018" tests="1" failures="0" timestamp="25 Jul 2018 17:02:20 GMT" time="47.405" errors="0">
  <testcase name="test" time="47.405" classname="SeleniumGrid.Grid_25_July_2018"/>
</testsuite> <!-- SeleniumGrid.Grid_25_July_2018 -->
