<?xml version="1.0" encoding="UTF-8"?>
<!-- Generated by org.testng.reporters.JUnitReportReporter -->
<testsuite skipped="0" hostname="LP-PC0MQFYK" name="OOP.InheritenceTest1" tests="4" failures="0" timestamp="23 May 2018 14:13:33 GMT" time="61.055" errors="0">
  <testcase name="Setup" time="49.150" classname="OOP.InheritenceTest1"/>
  <testcase name="LoginPage" time="11.896" classname="OOP.InheritenceTest1"/>
  <testcase name="SignUpPage" time="0.004" classname="OOP.InheritenceTest1"/>
  <testcase name="LogoutPage" time="0.005" classname="OOP.InheritenceTest1"/>
</testsuite> <!-- OOP.InheritenceTest1 -->
