<?xml version="1.0" encoding="UTF-8"?>
<!-- Generated by org.testng.reporters.JUnitReportReporter -->
<testsuite skipped="0" hostname="LP-PC0MQFYK" name="SeleniumTest.Dynamic_Xapth" tests="1" failures="0" timestamp="08 Jul 2018 17:13:40 GMT" time="80.023" errors="0">
  <testcase name="f" time="80.023" classname="SeleniumTest.Dynamic_Xapth"/>
</testsuite> <!-- SeleniumTest.Dynamic_Xapth -->
