<?xml version="1.0" encoding="UTF-8"?>
<!-- Generated by org.testng.reporters.JUnitReportReporter -->
<testsuite skipped="0" hostname="LP-PC0MQFYK" name="SeleniumGrid.SELENIUM_GRID_05_06_2018" tests="1" failures="0" timestamp="05 Jun 2018 09:47:11 GMT" time="16.353" errors="0">
  <testcase name="GridTest" time="16.353" classname="SeleniumGrid.SELENIUM_GRID_05_06_2018"/>
</testsuite> <!-- SeleniumGrid.SELENIUM_GRID_05_06_2018 -->
