<?xml version="1.0" encoding="UTF-8"?>
<!-- Generated by org.testng.reporters.JUnitReportReporter -->
<testsuite skipped="0" hostname="LP-PC0MQFYK" name="SeleniumTest.Iframe" tests="1" failures="0" timestamp="08 Jul 2018 17:41:27 GMT" time="50.232" errors="0">
  <testcase name="f" time="50.232" classname="SeleniumTest.Iframe"/>
</testsuite> <!-- SeleniumTest.Iframe -->
