<?xml version="1.0" encoding="UTF-8"?>
<!-- Generated by org.testng.reporters.JUnitReportReporter -->
<testsuite skipped="0" hostname="LP-PC0MQFYK" name="PropertiesFile.DataConfig" tests="2" failures="0" timestamp="21 May 2018 14:35:43 GMT" time="51.213" errors="0">
  <testcase name="PropertiesFileData" time="0.035" classname="PropertiesFile.DataConfig"/>
  <testcase name="PropertiesClassExecution" time="51.178" classname="PropertiesFile.DataConfig"/>
</testsuite> <!-- PropertiesFile.DataConfig -->
